<AxUnitTestResult>
  <TestResults>
    <TestResult TestName="UsingDeserializer.GetValue_BASIC_DATA_TYPES">
      <TestCases>
        <TestCaseResult Id="0" Parameter="" Result="Passed">
          <FailedAsserts />
        </TestCaseResult>
      </TestCases>
    </TestResult>
    <TestResult TestName="UsingDeserializer.GetValue_ARRAY">
      <TestCases>
        <TestCaseResult Id="1" Parameter="" Result="Passed">
          <FailedAsserts />
        </TestCaseResult>
      </TestCases>
    </TestResult>
    <TestResult TestName="UsingDeserializer.GetValue_Nested">
      <TestCases>
        <TestCaseResult Id="2" Parameter="" Result="Passed">
          <FailedAsserts />
        </TestCaseResult>
      </TestCases>
    </TestResult>
    <TestResult TestName="UsingDeserializer.GetValue_Nested_in_Nested">
      <TestCases>
        <TestCaseResult Id="3" Parameter="" Result="Passed">
          <FailedAsserts />
        </TestCaseResult>
      </TestCases>
    </TestResult>
    <TestResult TestName="UsingSerializer.Serialize_BOOLEAN">
      <TestCases>
        <TestCaseResult Id="4" Parameter="" Result="Passed">
          <FailedAsserts />
        </TestCaseResult>
      </TestCases>
    </TestResult>
    <TestResult TestName="UsingSerializer.Serialize_INT">
      <TestCases>
        <TestCaseResult Id="5" Parameter="" Result="Passed">
          <FailedAsserts />
        </TestCaseResult>
      </TestCases>
    </TestResult>
    <TestResult TestName="UsingSerializer.Serialize_DINT">
      <TestCases>
        <TestCaseResult Id="6" Parameter="" Result="Passed">
          <FailedAsserts />
        </TestCaseResult>
      </TestCases>
    </TestResult>
    <TestResult TestName="UsingSerializer.Serialize_STRING">
      <TestCases>
        <TestCaseResult Id="7" Parameter="" Result="Passed">
          <FailedAsserts />
        </TestCaseResult>
      </TestCases>
    </TestResult>
    <TestResult TestName="UsingSerializer.Serialize_INT_DINT">
      <TestCases>
        <TestCaseResult Id="8" Parameter="" Result="Passed">
          <FailedAsserts />
        </TestCaseResult>
      </TestCases>
    </TestResult>
    <TestResult TestName="UsingSerializer.Serialize_NestedObject">
      <TestCases>
        <TestCaseResult Id="9" Parameter="" Result="Passed">
          <FailedAsserts />
        </TestCaseResult>
      </TestCases>
    </TestResult>
  </TestResults>
</AxUnitTestResult>